0 info it worked if it ends with ok
1 verbose cli [ '/usr/bin/nodejs', '/usr/bin/npm', 'run', 'storybook' ]
2 info using npm@3.8.9
3 info using node@v6.2.0
4 verbose run-script [ 'prestorybook', 'storybook', 'poststorybook' ]
5 info lifecycle mantra-boilerplate@0.1.0~prestorybook: mantra-boilerplate@0.1.0
6 silly lifecycle mantra-boilerplate@0.1.0~prestorybook: no script for prestorybook, continuing
7 info lifecycle mantra-boilerplate@0.1.0~storybook: mantra-boilerplate@0.1.0
8 verbose lifecycle mantra-boilerplate@0.1.0~storybook: unsafe-perm in lifecycle true
9 verbose lifecycle mantra-boilerplate@0.1.0~storybook: PATH: /usr/lib/node_modules/npm/bin/node-gyp-bin:/home/marcus/projects/exam/teamproject3/node_modules/.bin:/usr/bin:/usr/local/heroku/bin:/usr/local/sbin:/usr/local/bin:/usr/sbin:/usr/bin:/sbin:/bin:/usr/games:/usr/local/games:/home/marcus/Android/Sdk/tools:/home/marcus/Android/Sdk/platform-tools
10 verbose lifecycle mantra-boilerplate@0.1.0~storybook: CWD: /home/marcus/projects/exam/teamproject3
11 silly lifecycle mantra-boilerplate@0.1.0~storybook: Args: [ '-c', 'start-storybook -p 9001 -s /public' ]
12 silly lifecycle mantra-boilerplate@0.1.0~storybook: Returned: code: 255  signal: null
13 info lifecycle mantra-boilerplate@0.1.0~storybook: Failed to exec storybook script
14 verbose stack Error: mantra-boilerplate@0.1.0 storybook: `start-storybook -p 9001 -s /public`
14 verbose stack Exit status 255
14 verbose stack     at EventEmitter.<anonymous> (/usr/lib/node_modules/npm/lib/utils/lifecycle.js:245:16)
14 verbose stack     at emitTwo (events.js:106:13)
14 verbose stack     at EventEmitter.emit (events.js:191:7)
14 verbose stack     at ChildProcess.<anonymous> (/usr/lib/node_modules/npm/lib/utils/spawn.js:24:14)
14 verbose stack     at emitTwo (events.js:106:13)
14 verbose stack     at ChildProcess.emit (events.js:191:7)
14 verbose stack     at maybeClose (internal/child_process.js:850:16)
14 verbose stack     at Process.ChildProcess._handle.onexit (internal/child_process.js:215:5)
15 verbose pkgid mantra-boilerplate@0.1.0
16 verbose cwd /home/marcus/projects/exam/teamproject3
17 error Linux 4.2.0-34-generic
18 error argv "/usr/bin/nodejs" "/usr/bin/npm" "run" "storybook"
19 error node v6.2.0
20 error npm  v3.8.9
21 error code ELIFECYCLE
22 error mantra-boilerplate@0.1.0 storybook: `start-storybook -p 9001 -s /public`
22 error Exit status 255
23 error Failed at the mantra-boilerplate@0.1.0 storybook script 'start-storybook -p 9001 -s /public'.
23 error Make sure you have the latest version of node.js and npm installed.
23 error If you do, this is most likely a problem with the mantra-boilerplate package,
23 error not with npm itself.
23 error Tell the author that this fails on your system:
23 error     start-storybook -p 9001 -s /public
23 error You can get information on how to open an issue for this project with:
23 error     npm bugs mantra-boilerplate
23 error Or if that isn't available, you can get their info via:
23 error     npm owner ls mantra-boilerplate
23 error There is likely additional logging output above.
24 verbose exit [ 1, true ]
